{"uid":"265c1872e3d04ba2","name":"SYLIUS-69 - SYLIUS-74: Validar campo username","fullName":"tests.administrators.test_HU04_NC_POST_Administrator#test_TC_Admin_Administrators_validar_username","historyId":"a300039afc0101bad8529408941b9989","time":{"start":1763676038380,"stop":1763676038842,"duration":462},"status":"skipped","statusMessage":"XFAIL Backend rechaza username estándar válido (debería devolver 201)\n\nAssertionError","statusTrace":"auth_headers = {'Authorization': 'Bearer eyJ0eXAiOiJKV1QiLCJhbGciOiJSUzI1NiJ9.eyJpYXQiOjE3NjM2NzU5NjgsImV4cCI6MTc2MzY3OTU2OCwicm9sZXM...1cVEQUrQ9MmbR-r0eKTgiHY8xXzHtORRPRldC8-fQaPtojJHDFX8Yow0DefmT0OZ4Ty7lXajBARBkwLODkGixGGIYXsHdaKPgTOTdF0WoMqltyQ2O788U'}\nusername = 'admin01_test', expected_status = 201\n\n    @allure.epic(\"Módulo de Administrador\")\n    @allure.feature(\"Administrators\")\n    @allure.story(\"Crear administrador\")\n    @allure.title(\"SYLIUS-69 - SYLIUS-74: Validar campo username\")\n    @allure.severity(allure.severity_level.NORMAL)\n    @pytest.mark.administrator\n    @pytest.mark.functional_negative\n    @pytest.mark.functional_validation\n    @pytest.mark.medium\n    @pytest.mark.parametrize(\"username, expected_status\", [\n        pytest.param(\"a\", 201, marks=pytest.mark.xfail(reason=\"Backend rechaza username corto válido (debería devolver 201)\")),\n        pytest.param(\"a\"*255, 201, marks=pytest.mark.xfail(reason=\"Backend rechaza username de longitud máxima válida (debería devolver 201)\")),\n        pytest.param(\"admin01_test\", 201, marks=pytest.mark.xfail(reason=\"Backend rechaza username estándar válido (debería devolver 201)\")),\n        pytest.param(\"\", 422, marks=pytest.mark.xfail(reason=\"Backend acepta username vacío (debería devolver 422)\")),\n        (\"a\"*256, 422),\n        pytest.param(None, 422, marks=pytest.mark.xfail(reason=\"Backend acepta username None (debería devolver 422)\")),\n    ])\n    def test_TC_Admin_Administrators_validar_username(auth_headers, username, expected_status):\n        headers = auth_headers\n        admin_data = generate_admin_data()\n        admin_data[\"username\"] = username\n        payload = AdministratorsPayload.build_payload_admin(admin_data)\n        url = AdministratorsEndpoint.admins()\n        response = SyliusRequest.post(url, headers, payload)\n>       AssertionStatusCode.assert_status_code(response, expected_status)\n\ntests/administrators/test_HU04_NC_POST_Administrator.py:352: \n_ _ _ _ _ _ _ _ _ _ _ _ _ _ _ _ _ _ _ _ _ _ _ _ _ _ _ _ _ _ _ _ _ _ _ _ _ _ _ _ \n\nresponse = <Response [422]>, expected_status_code = 201\n\n    @staticmethod\n    def assert_status_code(response, expected_status_code):\n>       assert response.status_code == expected_status_code\n               ^^^^^^^^^^^^^^^^^^^^^^^^^^^^^^^^^^^^^^^^^^^^\nE       AssertionError\n\nsrc/assertions/status_code_assertion.py:6: AssertionError","flaky":false,"newFailed":false,"newBroken":false,"newPassed":false,"retriesCount":0,"retriesStatusChange":false,"beforeStages":[{"name":"_session_faker","time":{"start":1763675960752,"stop":1763675960753,"duration":1},"status":"passed","steps":[],"attachments":[],"parameters":[],"shouldDisplayMessage":false,"stepsCount":0,"attachmentsCount":0,"hasContent":false,"attachmentStep":false},{"name":"auth_headers","time":{"start":1763675967997,"stop":1763675968742,"duration":745},"status":"passed","steps":[],"attachments":[],"parameters":[],"shouldDisplayMessage":false,"stepsCount":0,"attachmentsCount":0,"hasContent":false,"attachmentStep":false},{"name":"log_test_start","time":{"start":1763676038379,"stop":1763676038379,"duration":0},"status":"passed","steps":[],"attachments":[],"parameters":[],"shouldDisplayMessage":false,"stepsCount":0,"attachmentsCount":0,"hasContent":false,"attachmentStep":false}],"testStage":{"status":"skipped","statusMessage":"XFAIL Backend rechaza username estándar válido (debería devolver 201)\n\nAssertionError","statusTrace":"auth_headers = {'Authorization': 'Bearer eyJ0eXAiOiJKV1QiLCJhbGciOiJSUzI1NiJ9.eyJpYXQiOjE3NjM2NzU5NjgsImV4cCI6MTc2MzY3OTU2OCwicm9sZXM...1cVEQUrQ9MmbR-r0eKTgiHY8xXzHtORRPRldC8-fQaPtojJHDFX8Yow0DefmT0OZ4Ty7lXajBARBkwLODkGixGGIYXsHdaKPgTOTdF0WoMqltyQ2O788U'}\nusername = 'admin01_test', expected_status = 201\n\n    @allure.epic(\"Módulo de Administrador\")\n    @allure.feature(\"Administrators\")\n    @allure.story(\"Crear administrador\")\n    @allure.title(\"SYLIUS-69 - SYLIUS-74: Validar campo username\")\n    @allure.severity(allure.severity_level.NORMAL)\n    @pytest.mark.administrator\n    @pytest.mark.functional_negative\n    @pytest.mark.functional_validation\n    @pytest.mark.medium\n    @pytest.mark.parametrize(\"username, expected_status\", [\n        pytest.param(\"a\", 201, marks=pytest.mark.xfail(reason=\"Backend rechaza username corto válido (debería devolver 201)\")),\n        pytest.param(\"a\"*255, 201, marks=pytest.mark.xfail(reason=\"Backend rechaza username de longitud máxima válida (debería devolver 201)\")),\n        pytest.param(\"admin01_test\", 201, marks=pytest.mark.xfail(reason=\"Backend rechaza username estándar válido (debería devolver 201)\")),\n        pytest.param(\"\", 422, marks=pytest.mark.xfail(reason=\"Backend acepta username vacío (debería devolver 422)\")),\n        (\"a\"*256, 422),\n        pytest.param(None, 422, marks=pytest.mark.xfail(reason=\"Backend acepta username None (debería devolver 422)\")),\n    ])\n    def test_TC_Admin_Administrators_validar_username(auth_headers, username, expected_status):\n        headers = auth_headers\n        admin_data = generate_admin_data()\n        admin_data[\"username\"] = username\n        payload = AdministratorsPayload.build_payload_admin(admin_data)\n        url = AdministratorsEndpoint.admins()\n        response = SyliusRequest.post(url, headers, payload)\n>       AssertionStatusCode.assert_status_code(response, expected_status)\n\ntests/administrators/test_HU04_NC_POST_Administrator.py:352: \n_ _ _ _ _ _ _ _ _ _ _ _ _ _ _ _ _ _ _ _ _ _ _ _ _ _ _ _ _ _ _ _ _ _ _ _ _ _ _ _ \n\nresponse = <Response [422]>, expected_status_code = 201\n\n    @staticmethod\n    def assert_status_code(response, expected_status_code):\n>       assert response.status_code == expected_status_code\n               ^^^^^^^^^^^^^^^^^^^^^^^^^^^^^^^^^^^^^^^^^^^^\nE       AssertionError\n\nsrc/assertions/status_code_assertion.py:6: AssertionError","steps":[],"attachments":[{"uid":"5ee2104b5f461be6","name":"log","source":"5ee2104b5f461be6.txt","type":"text/plain","size":3316}],"parameters":[],"shouldDisplayMessage":true,"stepsCount":0,"attachmentsCount":1,"hasContent":true,"attachmentStep":false},"afterStages":[{"name":"log_test_start::0","time":{"start":1763676038851,"stop":1763676038851,"duration":0},"status":"passed","steps":[],"attachments":[],"parameters":[],"shouldDisplayMessage":false,"stepsCount":0,"attachmentsCount":0,"hasContent":false,"attachmentStep":false}],"labels":[{"name":"epic","value":"Módulo de Administrador"},{"name":"severity","value":"normal"},{"name":"story","value":"Crear administrador"},{"name":"feature","value":"Administrators"},{"name":"tag","value":"medium"},{"name":"tag","value":"functional_validation"},{"name":"tag","value":"functional_negative"},{"name":"tag","value":"administrator"},{"name":"parentSuite","value":"tests.administrators"},{"name":"suite","value":"test_HU04_NC_POST_Administrator"},{"name":"host","value":"runnervmg1sw1"},{"name":"thread","value":"3007-MainThread"},{"name":"framework","value":"pytest"},{"name":"language","value":"cpython3"},{"name":"package","value":"tests.administrators.test_HU04_NC_POST_Administrator"},{"name":"resultFormat","value":"allure2"}],"parameters":[{"name":"expected_status","value":"201"},{"name":"username","value":"'admin01_test'"}],"links":[],"hidden":false,"retry":false,"extra":{"severity":"normal","retries":[],"categories":[],"tags":["administrator","functional_validation","medium","functional_negative"]},"source":"265c1872e3d04ba2.json","parameterValues":["201","'admin01_test'"]}